[debug] [2020-12-02T20:41:10.242Z] ----------------------------------------------------------------------
[debug] [2020-12-02T20:41:10.243Z] Command:       /Users/Chaya/.nvm/versions/node/v14.3.0/bin/node /Users/Chaya/.nvm/versions/node/v14.3.0/bin/firebase init
[debug] [2020-12-02T20:41:10.244Z] CLI Version:   8.16.2
[debug] [2020-12-02T20:41:10.244Z] Platform:      darwin
[debug] [2020-12-02T20:41:10.244Z] Node Version:  v14.3.0
[debug] [2020-12-02T20:41:10.247Z] Time:          Wed Dec 02 2020 15:41:10 GMT-0500 (Eastern Standard Time)
[debug] [2020-12-02T20:41:10.247Z] ----------------------------------------------------------------------
[debug] [2020-12-02T20:41:10.247Z] 
[debug] [2020-12-02T20:41:10.248Z] >>> [apiv2][query] GET https://firebase-public.firebaseio.com/cli.json [none]
[debug] [2020-12-02T20:41:10.258Z] > command requires scopes: ["email","openid","https://www.googleapis.com/auth/cloudplatformprojects.readonly","https://www.googleapis.com/auth/firebase","https://www.googleapis.com/auth/cloud-platform"]
[debug] [2020-12-02T20:41:10.259Z] > authorizing via signed-in user
[info] 
     ######## #### ########  ######## ########     ###     ######  ########
     ##        ##  ##     ## ##       ##     ##  ##   ##  ##       ##
     ######    ##  ########  ######   ########  #########  ######  ######
     ##        ##  ##    ##  ##       ##     ## ##     ##       ## ##
     ##       #### ##     ## ######## ########  ##     ##  ######  ########

You're about to initialize a Firebase project in this directory:

  /Users/Chaya/not-facebook-messenger

[debug] [2020-12-02T20:41:10.556Z] <<< [apiv2][status] GET https://firebase-public.firebaseio.com/cli.json 200
[debug] [2020-12-02T20:41:10.556Z] <<< [apiv2][body] GET https://firebase-public.firebaseio.com/cli.json {"cloudBuildErrorAfter":1594252800000,"cloudBuildWarnAfter":1590019200000,"defaultNode10After":1594252800000,"minVersion":"3.0.5","node8DeploysDisabledAfter":1613390400000,"node8RuntimeDisabledAfter":1615809600000,"node8WarnAfter":1600128000000}
